2018-02-08 15:14:53,516 [Worker-12] INFO  o.e.m.c.i.l.LifecycleMappingFactory - Using org.maven.ide.eclipse.wtp.WarLifecycleMapping lifecycle mapping for MavenProject: GestiBankBackEnd:GestiBankBackEnd:0.0.1-SNAPSHOT @ C:\Users\gk\Documents\GitHub\GestiBank\GestiBankBackEnd\pom.xml.
2018-02-08 15:14:53,845 [Worker-17] INFO  o.e.m.c.i.l.LifecycleMappingFactory - Using org.maven.ide.eclipse.wtp.WarLifecycleMapping lifecycle mapping for MavenProject: GestiBankBackEnd:GestiBankBackEnd:0.0.1-SNAPSHOT @ C:\Users\gk\Documents\GitHub\GestiBank\GestiBankBackEnd\pom.xml.
2018-02-08 15:14:56,541 [Worker-17] WARN  o.e.m.c.i.embedder.EclipseLogger - Using platform encoding (Cp1252 actually) to copy filtered resources, i.e. build is platform dependent!
2018-02-08 15:14:56,542 [Worker-17] INFO  o.e.m.c.i.embedder.EclipseLogger - skip non existing resourceDirectory C:\Users\gk\Documents\GitHub\GestiBank\GestiBankBackEnd\src\main\resources
2018-02-08 15:14:56,543 [Worker-17] WARN  o.e.m.c.i.embedder.EclipseLogger - Using platform encoding (Cp1252 actually) to copy filtered resources, i.e. build is platform dependent!
2018-02-08 15:14:56,544 [Worker-17] INFO  o.e.m.c.i.embedder.EclipseLogger - skip non existing resourceDirectory C:\Users\gk\Documents\GitHub\GestiBank\GestiBankBackEnd\src\test\resources
2018-02-08 15:14:57,883 [Worker-22] INFO  o.e.m.c.i.l.LifecycleMappingFactory - Using org.maven.ide.eclipse.wtp.WarLifecycleMapping lifecycle mapping for MavenProject: GestiBankBackEnd:GestiBankBackEnd:0.0.1-SNAPSHOT @ C:\Users\gk\Documents\GitHub\GestiBank\GestiBankBackEnd\pom.xml.
2018-02-08 15:14:58,302 [Worker-9] WARN  o.e.m.c.i.embedder.EclipseLogger - Using platform encoding (Cp1252 actually) to copy filtered resources, i.e. build is platform dependent!
2018-02-08 15:14:58,303 [Worker-9] INFO  o.e.m.c.i.embedder.EclipseLogger - skip non existing resourceDirectory C:\Users\gk\Documents\GitHub\GestiBank\GestiBankBackEnd\src\main\resources
2018-02-08 15:14:58,307 [Worker-9] WARN  o.e.m.c.i.embedder.EclipseLogger - Using platform encoding (Cp1252 actually) to copy filtered resources, i.e. build is platform dependent!
2018-02-08 15:14:58,307 [Worker-9] INFO  o.e.m.c.i.embedder.EclipseLogger - skip non existing resourceDirectory C:\Users\gk\Documents\GitHub\GestiBank\GestiBankBackEnd\src\test\resources
2018-02-08 15:14:59,591 [Worker-23] WARN  o.e.m.c.i.embedder.EclipseLogger - Using platform encoding (Cp1252 actually) to copy filtered resources, i.e. build is platform dependent!
2018-02-08 15:14:59,591 [Worker-23] INFO  o.e.m.c.i.embedder.EclipseLogger - skip non existing resourceDirectory C:\Users\gk\Documents\GitHub\GestiBank\GestiBankBackEnd\src\main\resources
2018-02-08 15:14:59,592 [Worker-23] WARN  o.e.m.c.i.embedder.EclipseLogger - Using platform encoding (Cp1252 actually) to copy filtered resources, i.e. build is platform dependent!
2018-02-08 15:14:59,592 [Worker-23] INFO  o.e.m.c.i.embedder.EclipseLogger - skip non existing resourceDirectory C:\Users\gk\Documents\GitHub\GestiBank\GestiBankBackEnd\src\test\resources
2018-02-08 15:20:59,119 [Worker-26] WARN  o.e.m.c.i.embedder.EclipseLogger - Using platform encoding (Cp1252 actually) to copy filtered resources, i.e. build is platform dependent!
2018-02-08 15:20:59,119 [Worker-26] INFO  o.e.m.c.i.embedder.EclipseLogger - skip non existing resourceDirectory C:\Users\gk\Documents\GitHub\GestiBank\GestiBankBackEnd\src\main\resources
2018-02-08 15:20:59,120 [Worker-26] WARN  o.e.m.c.i.embedder.EclipseLogger - Using platform encoding (Cp1252 actually) to copy filtered resources, i.e. build is platform dependent!
2018-02-08 15:20:59,120 [Worker-26] INFO  o.e.m.c.i.embedder.EclipseLogger - skip non existing resourceDirectory C:\Users\gk\Documents\GitHub\GestiBank\GestiBankBackEnd\src\test\resources
2018-02-08 15:31:53,417 [Worker-14] INFO  o.e.m.c.i.l.LifecycleMappingFactory - Using org.maven.ide.eclipse.wtp.WarLifecycleMapping lifecycle mapping for MavenProject: GestiBankBackEnd:GestiBankBackEnd:0.0.1-SNAPSHOT @ C:\Users\gk\Documents\GitHub\GestiBank\GestiBankBackEnd\pom.xml.
2018-02-08 15:31:53,646 [Worker-14] INFO  o.e.m.c.i.e.AbstractTransferListenerAdapter - Downloading http://repo.maven.apache.org/maven2/com/sun/jersey/jersey-server/1.17.1/jersey-server-1.17.1.pom
2018-02-08 15:31:53,775 [Worker-14] INFO  o.e.m.c.i.e.AbstractTransferListenerAdapter - Downloaded http://repo.maven.apache.org/maven2/com/sun/jersey/jersey-server/1.17.1/jersey-server-1.17.1.pom
2018-02-08 15:31:53,798 [Worker-14] INFO  o.e.m.c.i.e.AbstractTransferListenerAdapter - Downloading http://repo.maven.apache.org/maven2/com/sun/jersey/jersey-project/1.17.1/jersey-project-1.17.1.pom
2018-02-08 15:31:53,837 [Worker-14] INFO  o.e.m.c.i.e.AbstractTransferListenerAdapter - Downloaded http://repo.maven.apache.org/maven2/com/sun/jersey/jersey-project/1.17.1/jersey-project-1.17.1.pom
2018-02-08 15:31:53,870 [Worker-14] INFO  o.e.m.c.i.e.AbstractTransferListenerAdapter - Downloading http://repo.maven.apache.org/maven2/com/sun/jersey/jersey-core/1.17.1/jersey-core-1.17.1.pom
2018-02-08 15:31:53,903 [Worker-14] INFO  o.e.m.c.i.e.AbstractTransferListenerAdapter - Downloaded http://repo.maven.apache.org/maven2/com/sun/jersey/jersey-core/1.17.1/jersey-core-1.17.1.pom
2018-02-08 15:31:53,933 [Worker-14] INFO  o.e.m.c.i.e.AbstractTransferListenerAdapter - Downloading http://repo.maven.apache.org/maven2/com/sun/jersey/jersey-servlet/1.17.1/jersey-servlet-1.17.1.pom
2018-02-08 15:31:53,969 [Worker-14] INFO  o.e.m.c.i.e.AbstractTransferListenerAdapter - Downloaded http://repo.maven.apache.org/maven2/com/sun/jersey/jersey-servlet/1.17.1/jersey-servlet-1.17.1.pom
2018-02-08 15:31:54,046 [Worker-14] INFO  o.e.m.c.i.e.AbstractTransferListenerAdapter - Downloading http://repo.maven.apache.org/maven2/com/sun/jersey/jersey-server/1.17.1/jersey-server-1.17.1.jar
2018-02-08 15:31:54,204 [Worker-14] INFO  o.e.m.c.i.e.AbstractTransferListenerAdapter - Downloaded http://repo.maven.apache.org/maven2/com/sun/jersey/jersey-server/1.17.1/jersey-server-1.17.1.jar
2018-02-08 15:31:54,219 [Worker-14] INFO  o.e.m.c.i.e.AbstractTransferListenerAdapter - Downloading http://repo.maven.apache.org/maven2/com/sun/jersey/jersey-core/1.17.1/jersey-core-1.17.1.jar
2018-02-08 15:31:54,315 [Worker-14] INFO  o.e.m.c.i.e.AbstractTransferListenerAdapter - Downloaded http://repo.maven.apache.org/maven2/com/sun/jersey/jersey-core/1.17.1/jersey-core-1.17.1.jar
2018-02-08 15:31:54,333 [Worker-14] INFO  o.e.m.c.i.e.AbstractTransferListenerAdapter - Downloading http://repo.maven.apache.org/maven2/com/sun/jersey/jersey-servlet/1.17.1/jersey-servlet-1.17.1.jar
2018-02-08 15:31:54,379 [Worker-14] INFO  o.e.m.c.i.e.AbstractTransferListenerAdapter - Downloaded http://repo.maven.apache.org/maven2/com/sun/jersey/jersey-servlet/1.17.1/jersey-servlet-1.17.1.jar
2018-02-08 15:31:54,715 [Worker-14] WARN  o.e.m.c.i.embedder.EclipseLogger - Using platform encoding (Cp1252 actually) to copy filtered resources, i.e. build is platform dependent!
2018-02-08 15:31:54,715 [Worker-14] INFO  o.e.m.c.i.embedder.EclipseLogger - skip non existing resourceDirectory C:\Users\gk\Documents\GitHub\GestiBank\GestiBankBackEnd\src\main\resources
2018-02-08 15:31:54,716 [Worker-14] WARN  o.e.m.c.i.embedder.EclipseLogger - Using platform encoding (Cp1252 actually) to copy filtered resources, i.e. build is platform dependent!
2018-02-08 15:31:54,716 [Worker-14] INFO  o.e.m.c.i.embedder.EclipseLogger - skip non existing resourceDirectory C:\Users\gk\Documents\GitHub\GestiBank\GestiBankBackEnd\src\test\resources
2018-02-08 15:31:54,716 [Worker-14] INFO  o.e.m.w.i.f.ResourceFilteringBuildParticipant - Changed resources require a complete clean of filtered resources of GestiBankBackEnd
2018-02-08 15:31:54,717 [Worker-14] INFO  o.e.m.w.i.f.ResourceFilteringBuildParticipant - Executing resource filtering for GestiBankBackEnd
2018-02-08 15:31:54,728 [Worker-14] WARN  o.e.m.c.i.embedder.EclipseLogger - Using platform encoding (Cp1252 actually) to copy filtered resources, i.e. build is platform dependent!
2018-02-08 15:31:56,333 [Worker-17] WARN  o.e.m.c.i.embedder.EclipseLogger - Using platform encoding (Cp1252 actually) to copy filtered resources, i.e. build is platform dependent!
2018-02-08 15:31:56,333 [Worker-17] INFO  o.e.m.c.i.embedder.EclipseLogger - skip non existing resourceDirectory C:\Users\gk\Documents\GitHub\GestiBank\GestiBankBackEnd\src\main\resources
2018-02-08 15:31:56,334 [Worker-17] WARN  o.e.m.c.i.embedder.EclipseLogger - Using platform encoding (Cp1252 actually) to copy filtered resources, i.e. build is platform dependent!
2018-02-08 15:31:56,335 [Worker-17] INFO  o.e.m.c.i.embedder.EclipseLogger - skip non existing resourceDirectory C:\Users\gk\Documents\GitHub\GestiBank\GestiBankBackEnd\src\test\resources
2018-02-08 15:33:41,883 [Worker-28] INFO  o.e.m.c.i.l.LifecycleMappingFactory - Using org.maven.ide.eclipse.wtp.WarLifecycleMapping lifecycle mapping for MavenProject: GestiBankBackEnd:GestiBankBackEnd:0.0.1-SNAPSHOT @ C:\Users\gk\Documents\GitHub\GestiBank\GestiBankBackEnd\pom.xml.
2018-02-08 15:33:42,260 [Worker-28] WARN  o.e.m.c.i.embedder.EclipseLogger - Using platform encoding (Cp1252 actually) to copy filtered resources, i.e. build is platform dependent!
2018-02-08 15:33:42,261 [Worker-28] INFO  o.e.m.c.i.embedder.EclipseLogger - skip non existing resourceDirectory C:\Users\gk\Documents\GitHub\GestiBank\GestiBankBackEnd\src\main\resources
2018-02-08 15:33:42,261 [Worker-28] WARN  o.e.m.c.i.embedder.EclipseLogger - Using platform encoding (Cp1252 actually) to copy filtered resources, i.e. build is platform dependent!
2018-02-08 15:33:42,262 [Worker-28] INFO  o.e.m.c.i.embedder.EclipseLogger - skip non existing resourceDirectory C:\Users\gk\Documents\GitHub\GestiBank\GestiBankBackEnd\src\test\resources
2018-02-08 15:33:42,262 [Worker-28] INFO  o.e.m.w.i.f.ResourceFilteringBuildParticipant - Changed resources require a complete clean of filtered resources of GestiBankBackEnd
2018-02-08 15:33:42,262 [Worker-28] INFO  o.e.m.w.i.f.ResourceFilteringBuildParticipant - Executing resource filtering for GestiBankBackEnd
2018-02-08 15:33:42,263 [Worker-28] WARN  o.e.m.c.i.embedder.EclipseLogger - Using platform encoding (Cp1252 actually) to copy filtered resources, i.e. build is platform dependent!
2018-02-08 15:33:43,802 [Worker-14] WARN  o.e.m.c.i.embedder.EclipseLogger - Using platform encoding (Cp1252 actually) to copy filtered resources, i.e. build is platform dependent!
2018-02-08 15:33:43,802 [Worker-14] INFO  o.e.m.c.i.embedder.EclipseLogger - skip non existing resourceDirectory C:\Users\gk\Documents\GitHub\GestiBank\GestiBankBackEnd\src\main\resources
2018-02-08 15:33:43,803 [Worker-14] WARN  o.e.m.c.i.embedder.EclipseLogger - Using platform encoding (Cp1252 actually) to copy filtered resources, i.e. build is platform dependent!
2018-02-08 15:33:43,803 [Worker-14] INFO  o.e.m.c.i.embedder.EclipseLogger - skip non existing resourceDirectory C:\Users\gk\Documents\GitHub\GestiBank\GestiBankBackEnd\src\test\resources
2018-02-08 15:52:18,600 [Worker-10] WARN  o.e.m.c.i.embedder.EclipseLogger - Using platform encoding (Cp1252 actually) to copy filtered resources, i.e. build is platform dependent!
2018-02-08 15:52:18,605 [Worker-10] INFO  o.e.m.c.i.embedder.EclipseLogger - skip non existing resourceDirectory C:\Users\gk\Documents\GitHub\GestiBank\GestiBankBackEnd\src\main\resources
2018-02-08 15:52:18,606 [Worker-10] WARN  o.e.m.c.i.embedder.EclipseLogger - Using platform encoding (Cp1252 actually) to copy filtered resources, i.e. build is platform dependent!
2018-02-08 15:52:18,607 [Worker-10] INFO  o.e.m.c.i.embedder.EclipseLogger - skip non existing resourceDirectory C:\Users\gk\Documents\GitHub\GestiBank\GestiBankBackEnd\src\test\resources
2018-02-08 15:52:20,170 [Worker-27] WARN  o.e.m.c.i.embedder.EclipseLogger - Using platform encoding (Cp1252 actually) to copy filtered resources, i.e. build is platform dependent!
2018-02-08 15:52:20,171 [Worker-27] INFO  o.e.m.c.i.embedder.EclipseLogger - skip non existing resourceDirectory C:\Users\gk\Documents\GitHub\GestiBank\GestiBankBackEnd\src\main\resources
2018-02-08 15:52:20,172 [Worker-27] WARN  o.e.m.c.i.embedder.EclipseLogger - Using platform encoding (Cp1252 actually) to copy filtered resources, i.e. build is platform dependent!
2018-02-08 15:52:20,173 [Worker-27] INFO  o.e.m.c.i.embedder.EclipseLogger - skip non existing resourceDirectory C:\Users\gk\Documents\GitHub\GestiBank\GestiBankBackEnd\src\test\resources
2018-02-08 15:54:33,947 [Worker-5] WARN  o.e.m.c.i.embedder.EclipseLogger - Using platform encoding (Cp1252 actually) to copy filtered resources, i.e. build is platform dependent!
2018-02-08 15:54:33,947 [Worker-5] INFO  o.e.m.c.i.embedder.EclipseLogger - skip non existing resourceDirectory C:\Users\gk\Documents\GitHub\GestiBank\GestiBankBackEnd\src\main\resources
2018-02-08 15:54:33,958 [Worker-5] WARN  o.e.m.c.i.embedder.EclipseLogger - Using platform encoding (Cp1252 actually) to copy filtered resources, i.e. build is platform dependent!
2018-02-08 15:54:33,972 [Worker-5] INFO  o.e.m.c.i.embedder.EclipseLogger - skip non existing resourceDirectory C:\Users\gk\Documents\GitHub\GestiBank\GestiBankBackEnd\src\test\resources
2018-02-08 16:00:59,305 [Worker-0] WARN  o.e.m.c.i.embedder.EclipseLogger - Using platform encoding (Cp1252 actually) to copy filtered resources, i.e. build is platform dependent!
2018-02-08 16:00:59,305 [Worker-0] INFO  o.e.m.c.i.embedder.EclipseLogger - skip non existing resourceDirectory C:\Users\gk\Documents\GitHub\GestiBank\GestiBankBackEnd\src\main\resources
2018-02-08 16:00:59,306 [Worker-0] WARN  o.e.m.c.i.embedder.EclipseLogger - Using platform encoding (Cp1252 actually) to copy filtered resources, i.e. build is platform dependent!
2018-02-08 16:00:59,307 [Worker-0] INFO  o.e.m.c.i.embedder.EclipseLogger - skip non existing resourceDirectory C:\Users\gk\Documents\GitHub\GestiBank\GestiBankBackEnd\src\test\resources
2018-02-08 16:09:54,908 [Worker-31] WARN  o.e.m.c.i.embedder.EclipseLogger - Using platform encoding (Cp1252 actually) to copy filtered resources, i.e. build is platform dependent!
2018-02-08 16:09:54,914 [Worker-31] INFO  o.e.m.c.i.embedder.EclipseLogger - skip non existing resourceDirectory C:\Users\gk\Documents\GitHub\GestiBank\GestiBankBackEnd\src\main\resources
2018-02-08 16:09:54,915 [Worker-31] WARN  o.e.m.c.i.embedder.EclipseLogger - Using platform encoding (Cp1252 actually) to copy filtered resources, i.e. build is platform dependent!
2018-02-08 16:09:54,918 [Worker-31] INFO  o.e.m.c.i.embedder.EclipseLogger - skip non existing resourceDirectory C:\Users\gk\Documents\GitHub\GestiBank\GestiBankBackEnd\src\test\resources
2018-02-08 16:09:56,007 [Worker-29] WARN  o.e.m.c.i.embedder.EclipseLogger - Using platform encoding (Cp1252 actually) to copy filtered resources, i.e. build is platform dependent!
2018-02-08 16:09:56,008 [Worker-29] INFO  o.e.m.c.i.embedder.EclipseLogger - skip non existing resourceDirectory C:\Users\gk\Documents\GitHub\GestiBank\GestiBankBackEnd\src\main\resources
2018-02-08 16:09:56,008 [Worker-29] WARN  o.e.m.c.i.embedder.EclipseLogger - Using platform encoding (Cp1252 actually) to copy filtered resources, i.e. build is platform dependent!
2018-02-08 16:09:56,009 [Worker-29] INFO  o.e.m.c.i.embedder.EclipseLogger - skip non existing resourceDirectory C:\Users\gk\Documents\GitHub\GestiBank\GestiBankBackEnd\src\test\resources
2018-02-08 16:10:31,549 [Worker-32] WARN  o.e.m.c.i.embedder.EclipseLogger - Using platform encoding (Cp1252 actually) to copy filtered resources, i.e. build is platform dependent!
2018-02-08 16:10:31,550 [Worker-32] INFO  o.e.m.c.i.embedder.EclipseLogger - skip non existing resourceDirectory C:\Users\gk\Documents\GitHub\GestiBank\GestiBankBackEnd\src\main\resources
2018-02-08 16:10:31,551 [Worker-32] WARN  o.e.m.c.i.embedder.EclipseLogger - Using platform encoding (Cp1252 actually) to copy filtered resources, i.e. build is platform dependent!
2018-02-08 16:10:31,552 [Worker-32] INFO  o.e.m.c.i.embedder.EclipseLogger - skip non existing resourceDirectory C:\Users\gk\Documents\GitHub\GestiBank\GestiBankBackEnd\src\test\resources
2018-02-08 16:10:50,076 [Worker-32] WARN  o.e.m.c.i.embedder.EclipseLogger - Using platform encoding (Cp1252 actually) to copy filtered resources, i.e. build is platform dependent!
2018-02-08 16:10:50,077 [Worker-32] INFO  o.e.m.c.i.embedder.EclipseLogger - skip non existing resourceDirectory C:\Users\gk\Documents\GitHub\GestiBank\GestiBankBackEnd\src\main\resources
2018-02-08 16:10:50,078 [Worker-32] WARN  o.e.m.c.i.embedder.EclipseLogger - Using platform encoding (Cp1252 actually) to copy filtered resources, i.e. build is platform dependent!
2018-02-08 16:10:50,079 [Worker-32] INFO  o.e.m.c.i.embedder.EclipseLogger - skip non existing resourceDirectory C:\Users\gk\Documents\GitHub\GestiBank\GestiBankBackEnd\src\test\resources
2018-02-08 16:11:03,612 [Worker-20] WARN  o.e.m.c.i.embedder.EclipseLogger - Using platform encoding (Cp1252 actually) to copy filtered resources, i.e. build is platform dependent!
2018-02-08 16:11:03,613 [Worker-20] INFO  o.e.m.c.i.embedder.EclipseLogger - skip non existing resourceDirectory C:\Users\gk\Documents\GitHub\GestiBank\GestiBankBackEnd\src\main\resources
2018-02-08 16:11:03,613 [Worker-20] WARN  o.e.m.c.i.embedder.EclipseLogger - Using platform encoding (Cp1252 actually) to copy filtered resources, i.e. build is platform dependent!
2018-02-08 16:11:03,614 [Worker-20] INFO  o.e.m.c.i.embedder.EclipseLogger - skip non existing resourceDirectory C:\Users\gk\Documents\GitHub\GestiBank\GestiBankBackEnd\src\test\resources
2018-02-08 16:34:27,473 [Worker-34] WARN  o.e.m.c.i.embedder.EclipseLogger - Using platform encoding (Cp1252 actually) to copy filtered resources, i.e. build is platform dependent!
2018-02-08 16:34:27,473 [Worker-34] INFO  o.e.m.c.i.embedder.EclipseLogger - skip non existing resourceDirectory C:\Users\gk\Documents\GitHub\GestiBank\GestiBankBackEnd\src\main\resources
2018-02-08 16:34:27,474 [Worker-34] WARN  o.e.m.c.i.embedder.EclipseLogger - Using platform encoding (Cp1252 actually) to copy filtered resources, i.e. build is platform dependent!
2018-02-08 16:34:27,475 [Worker-34] INFO  o.e.m.c.i.embedder.EclipseLogger - skip non existing resourceDirectory C:\Users\gk\Documents\GitHub\GestiBank\GestiBankBackEnd\src\test\resources
2018-02-08 16:34:49,139 [Worker-36] WARN  o.e.m.c.i.embedder.EclipseLogger - Using platform encoding (Cp1252 actually) to copy filtered resources, i.e. build is platform dependent!
2018-02-08 16:34:49,139 [Worker-36] INFO  o.e.m.c.i.embedder.EclipseLogger - skip non existing resourceDirectory C:\Users\gk\Documents\GitHub\GestiBank\GestiBankBackEnd\src\main\resources
2018-02-08 16:34:49,140 [Worker-36] WARN  o.e.m.c.i.embedder.EclipseLogger - Using platform encoding (Cp1252 actually) to copy filtered resources, i.e. build is platform dependent!
2018-02-08 16:34:49,141 [Worker-36] INFO  o.e.m.c.i.embedder.EclipseLogger - skip non existing resourceDirectory C:\Users\gk\Documents\GitHub\GestiBank\GestiBankBackEnd\src\test\resources
2018-02-08 16:35:03,721 [Worker-32] WARN  o.e.m.c.i.embedder.EclipseLogger - Using platform encoding (Cp1252 actually) to copy filtered resources, i.e. build is platform dependent!
2018-02-08 16:35:03,722 [Worker-32] INFO  o.e.m.c.i.embedder.EclipseLogger - skip non existing resourceDirectory C:\Users\gk\Documents\GitHub\GestiBank\GestiBankBackEnd\src\main\resources
2018-02-08 16:35:03,723 [Worker-32] WARN  o.e.m.c.i.embedder.EclipseLogger - Using platform encoding (Cp1252 actually) to copy filtered resources, i.e. build is platform dependent!
2018-02-08 16:35:03,723 [Worker-32] INFO  o.e.m.c.i.embedder.EclipseLogger - skip non existing resourceDirectory C:\Users\gk\Documents\GitHub\GestiBank\GestiBankBackEnd\src\test\resources
2018-02-08 16:35:07,090 [Worker-38] WARN  o.e.m.c.i.embedder.EclipseLogger - Using platform encoding (Cp1252 actually) to copy filtered resources, i.e. build is platform dependent!
2018-02-08 16:35:07,090 [Worker-38] INFO  o.e.m.c.i.embedder.EclipseLogger - skip non existing resourceDirectory C:\Users\gk\Documents\GitHub\GestiBank\GestiBankBackEnd\src\main\resources
2018-02-08 16:35:07,091 [Worker-38] WARN  o.e.m.c.i.embedder.EclipseLogger - Using platform encoding (Cp1252 actually) to copy filtered resources, i.e. build is platform dependent!
2018-02-08 16:35:07,092 [Worker-38] INFO  o.e.m.c.i.embedder.EclipseLogger - skip non existing resourceDirectory C:\Users\gk\Documents\GitHub\GestiBank\GestiBankBackEnd\src\test\resources
2018-02-08 16:35:24,388 [Worker-38] WARN  o.e.m.c.i.embedder.EclipseLogger - Using platform encoding (Cp1252 actually) to copy filtered resources, i.e. build is platform dependent!
2018-02-08 16:35:24,388 [Worker-38] INFO  o.e.m.c.i.embedder.EclipseLogger - skip non existing resourceDirectory C:\Users\gk\Documents\GitHub\GestiBank\GestiBankBackEnd\src\main\resources
2018-02-08 16:35:24,390 [Worker-38] WARN  o.e.m.c.i.embedder.EclipseLogger - Using platform encoding (Cp1252 actually) to copy filtered resources, i.e. build is platform dependent!
2018-02-08 16:35:24,390 [Worker-38] INFO  o.e.m.c.i.embedder.EclipseLogger - skip non existing resourceDirectory C:\Users\gk\Documents\GitHub\GestiBank\GestiBankBackEnd\src\test\resources
2018-02-08 16:36:03,823 [Worker-37] WARN  o.e.m.c.i.embedder.EclipseLogger - Using platform encoding (Cp1252 actually) to copy filtered resources, i.e. build is platform dependent!
2018-02-08 16:36:03,823 [Worker-37] INFO  o.e.m.c.i.embedder.EclipseLogger - skip non existing resourceDirectory C:\Users\gk\Documents\GitHub\GestiBank\GestiBankBackEnd\src\main\resources
2018-02-08 16:36:03,823 [Worker-37] WARN  o.e.m.c.i.embedder.EclipseLogger - Using platform encoding (Cp1252 actually) to copy filtered resources, i.e. build is platform dependent!
2018-02-08 16:36:03,823 [Worker-37] INFO  o.e.m.c.i.embedder.EclipseLogger - skip non existing resourceDirectory C:\Users\gk\Documents\GitHub\GestiBank\GestiBankBackEnd\src\test\resources
2018-02-08 16:37:27,961 [Worker-20] WARN  o.e.m.c.i.embedder.EclipseLogger - Using platform encoding (Cp1252 actually) to copy filtered resources, i.e. build is platform dependent!
2018-02-08 16:37:27,961 [Worker-20] INFO  o.e.m.c.i.embedder.EclipseLogger - skip non existing resourceDirectory C:\Users\gk\Documents\GitHub\GestiBank\GestiBankBackEnd\src\main\resources
2018-02-08 16:37:27,961 [Worker-20] WARN  o.e.m.c.i.embedder.EclipseLogger - Using platform encoding (Cp1252 actually) to copy filtered resources, i.e. build is platform dependent!
2018-02-08 16:37:27,961 [Worker-20] INFO  o.e.m.c.i.embedder.EclipseLogger - skip non existing resourceDirectory C:\Users\gk\Documents\GitHub\GestiBank\GestiBankBackEnd\src\test\resources
2018-02-08 16:37:55,726 [Worker-38] WARN  o.e.m.c.i.embedder.EclipseLogger - Using platform encoding (Cp1252 actually) to copy filtered resources, i.e. build is platform dependent!
2018-02-08 16:37:55,726 [Worker-38] INFO  o.e.m.c.i.embedder.EclipseLogger - skip non existing resourceDirectory C:\Users\gk\Documents\GitHub\GestiBank\GestiBankBackEnd\src\main\resources
2018-02-08 16:37:55,726 [Worker-38] WARN  o.e.m.c.i.embedder.EclipseLogger - Using platform encoding (Cp1252 actually) to copy filtered resources, i.e. build is platform dependent!
2018-02-08 16:37:55,726 [Worker-38] INFO  o.e.m.c.i.embedder.EclipseLogger - skip non existing resourceDirectory C:\Users\gk\Documents\GitHub\GestiBank\GestiBankBackEnd\src\test\resources
2018-02-08 16:38:09,900 [Worker-38] WARN  o.e.m.c.i.embedder.EclipseLogger - Using platform encoding (Cp1252 actually) to copy filtered resources, i.e. build is platform dependent!
2018-02-08 16:38:09,900 [Worker-38] INFO  o.e.m.c.i.embedder.EclipseLogger - skip non existing resourceDirectory C:\Users\gk\Documents\GitHub\GestiBank\GestiBankBackEnd\src\main\resources
2018-02-08 16:38:09,900 [Worker-38] WARN  o.e.m.c.i.embedder.EclipseLogger - Using platform encoding (Cp1252 actually) to copy filtered resources, i.e. build is platform dependent!
2018-02-08 16:38:09,900 [Worker-38] INFO  o.e.m.c.i.embedder.EclipseLogger - skip non existing resourceDirectory C:\Users\gk\Documents\GitHub\GestiBank\GestiBankBackEnd\src\test\resources
2018-02-08 16:38:33,067 [Worker-34] WARN  o.e.m.c.i.embedder.EclipseLogger - Using platform encoding (Cp1252 actually) to copy filtered resources, i.e. build is platform dependent!
2018-02-08 16:38:33,067 [Worker-34] INFO  o.e.m.c.i.embedder.EclipseLogger - skip non existing resourceDirectory C:\Users\gk\Documents\GitHub\GestiBank\GestiBankBackEnd\src\main\resources
2018-02-08 16:38:33,067 [Worker-34] WARN  o.e.m.c.i.embedder.EclipseLogger - Using platform encoding (Cp1252 actually) to copy filtered resources, i.e. build is platform dependent!
2018-02-08 16:38:33,082 [Worker-34] INFO  o.e.m.c.i.embedder.EclipseLogger - skip non existing resourceDirectory C:\Users\gk\Documents\GitHub\GestiBank\GestiBankBackEnd\src\test\resources
2018-02-08 16:39:07,203 [Worker-39] WARN  o.e.m.c.i.embedder.EclipseLogger - Using platform encoding (Cp1252 actually) to copy filtered resources, i.e. build is platform dependent!
2018-02-08 16:39:07,203 [Worker-39] INFO  o.e.m.c.i.embedder.EclipseLogger - skip non existing resourceDirectory C:\Users\gk\Documents\GitHub\GestiBank\GestiBankBackEnd\src\main\resources
2018-02-08 16:39:07,203 [Worker-39] WARN  o.e.m.c.i.embedder.EclipseLogger - Using platform encoding (Cp1252 actually) to copy filtered resources, i.e. build is platform dependent!
2018-02-08 16:39:07,203 [Worker-39] INFO  o.e.m.c.i.embedder.EclipseLogger - skip non existing resourceDirectory C:\Users\gk\Documents\GitHub\GestiBank\GestiBankBackEnd\src\test\resources
2018-02-08 16:42:23,173 [Worker-42] WARN  o.e.m.c.i.embedder.EclipseLogger - Using platform encoding (Cp1252 actually) to copy filtered resources, i.e. build is platform dependent!
2018-02-08 16:42:23,189 [Worker-42] INFO  o.e.m.c.i.embedder.EclipseLogger - skip non existing resourceDirectory C:\Users\gk\Documents\GitHub\GestiBank\GestiBankBackEnd\src\main\resources
2018-02-08 16:42:23,189 [Worker-42] WARN  o.e.m.c.i.embedder.EclipseLogger - Using platform encoding (Cp1252 actually) to copy filtered resources, i.e. build is platform dependent!
2018-02-08 16:42:23,189 [Worker-42] INFO  o.e.m.c.i.embedder.EclipseLogger - skip non existing resourceDirectory C:\Users\gk\Documents\GitHub\GestiBank\GestiBankBackEnd\src\test\resources
2018-02-08 16:42:30,880 [Worker-5] WARN  o.e.m.c.i.embedder.EclipseLogger - Using platform encoding (Cp1252 actually) to copy filtered resources, i.e. build is platform dependent!
2018-02-08 16:42:30,880 [Worker-5] INFO  o.e.m.c.i.embedder.EclipseLogger - skip non existing resourceDirectory C:\Users\gk\Documents\GitHub\GestiBank\GestiBankBackEnd\src\main\resources
2018-02-08 16:42:30,880 [Worker-5] WARN  o.e.m.c.i.embedder.EclipseLogger - Using platform encoding (Cp1252 actually) to copy filtered resources, i.e. build is platform dependent!
2018-02-08 16:42:30,880 [Worker-5] INFO  o.e.m.c.i.embedder.EclipseLogger - skip non existing resourceDirectory C:\Users\gk\Documents\GitHub\GestiBank\GestiBankBackEnd\src\test\resources
2018-02-08 16:50:15,288 [Worker-37] WARN  o.e.m.c.i.embedder.EclipseLogger - Using platform encoding (Cp1252 actually) to copy filtered resources, i.e. build is platform dependent!
2018-02-08 16:50:15,288 [Worker-37] INFO  o.e.m.c.i.embedder.EclipseLogger - skip non existing resourceDirectory C:\Users\gk\Documents\GitHub\GestiBank\GestiBankBackEnd\src\main\resources
2018-02-08 16:50:15,288 [Worker-37] WARN  o.e.m.c.i.embedder.EclipseLogger - Using platform encoding (Cp1252 actually) to copy filtered resources, i.e. build is platform dependent!
2018-02-08 16:50:15,288 [Worker-37] INFO  o.e.m.c.i.embedder.EclipseLogger - skip non existing resourceDirectory C:\Users\gk\Documents\GitHub\GestiBank\GestiBankBackEnd\src\test\resources
